Arguments: 
  /Users/qle/n/bin/node /Users/qle/.yarn/bin/yarn.js add @materail-ui/lab

PATH: 
  /Users/qle/.yarn/bin:/Users/qle/.config/yarn/global/node_modules/.bin:/usr/local/bin:/usr/local/sbin:/usr/bin:/bin:/usr/sbin:/sbin:/usr/local/go/bin:/usr/local/share/dotnet:~/.dotnet/tools:/Library/Frameworks/Mono.framework/Versions/Current/Commands:/Users/qle/.yarn/bin:/Users/qle/.config/yarn/global/node_modules/.bin:/Users/qle/n/bin

Yarn version: 
  1.16.0

Node version: 
  13.14.0

Platform: 
  darwin x64

Trace: 
  Error: https://registry.yarnpkg.com/@materail-ui%2flab: Not found
      at Request.params.callback [as _callback] (/Users/qle/.yarn/lib/cli.js:66091:18)
      at Request.self.callback (/Users/qle/.yarn/lib/cli.js:129590:22)
      at Request.emit (events.js:315:20)
      at Request.<anonymous> (/Users/qle/.yarn/lib/cli.js:130562:10)
      at Request.emit (events.js:315:20)
      at IncomingMessage.<anonymous> (/Users/qle/.yarn/lib/cli.js:130484:12)
      at Object.onceWrapper (events.js:421:28)
      at IncomingMessage.emit (events.js:327:22)
      at endReadableNT (_stream_readable.js:1201:12)
      at processTicksAndRejections (internal/process/task_queues.js:84:21)

npm manifest: 
  {
    "name": "meng-coop",
    "version": "1.0.0",
    "description": "projects for coop",
    "main": "index.js",
    "scripts": {
      "test": "echo \"Error: no test specified\" && exit 1"
    },
    "author": "",
    "license": "ISC",
    "dependencies": {
      "@material-ui/icons": "^4.9.1"
    }
  }

yarn manifest: 
  No manifest

Lockfile: 
  # THIS IS AN AUTOGENERATED FILE. DO NOT EDIT THIS FILE DIRECTLY.
  # yarn lockfile v1
  
  
  "@babel/runtime@^7.4.4":
    version "7.11.2"
    resolved "https://registry.yarnpkg.com/@babel/runtime/-/runtime-7.11.2.tgz#f549c13c754cc40b87644b9fa9f09a6a95fe0736"
    integrity sha512-TeWkU52so0mPtDcaCTxNBI/IHiz0pZgr8VEFqXFtZWpYD08ZB6FaSwVAS8MKRQAP3bYKiVjwysOJgMFY28o6Tw==
    dependencies:
      regenerator-runtime "^0.13.4"
  
  "@material-ui/icons@^4.9.1":
    version "4.9.1"
    resolved "https://registry.yarnpkg.com/@material-ui/icons/-/icons-4.9.1.tgz#fdeadf8cb3d89208945b33dbc50c7c616d0bd665"
    integrity sha512-GBitL3oBWO0hzBhvA9KxqcowRUsA0qzwKkURyC8nppnC3fw54KPKZ+d4V1Eeg/UnDRSzDaI9nGCdel/eh9AQMg==
    dependencies:
      "@babel/runtime" "^7.4.4"
  
  regenerator-runtime@^0.13.4:
    version "0.13.7"
    resolved "https://registry.yarnpkg.com/regenerator-runtime/-/regenerator-runtime-0.13.7.tgz#cac2dacc8a1ea675feaabaeb8ae833898ae46f55"
    integrity sha512-a54FxoJDIr27pgf7IgeQGxmqUNYrcV338lf/6gH456HZ/PhX+5BcwHXG9ajESmwe6WRO0tAzRUrRmNONWgkrew==
